<?xml version="1.0" encoding="UTF-8"?>
<!-- Generated by org.testng.reporters.JUnitReportReporter -->
<testsuite hostname="NX00441" failures="0" tests="1" name="firsttestngpackage.FirstTestNGClass" time="0.016" errors="0" timestamp="2019-12-05T15:20:50 PKT" skipped="0">
  <testcase classname="firsttestngpackage.FirstTestNGClass" name="verifyHomepageTitle" time="0.016"/>
</testsuite> <!-- firsttestngpackage.FirstTestNGClass -->
