<?xml version="1.0" encoding="UTF-8"?>
<!-- Generated by org.testng.reporters.JUnitReportReporter -->
<testsuite hostname="NX00441" failures="0" tests="1" name="NextHRMReports.NewTest" time="13.418" errors="0" timestamp="2020-01-27T13:19:35 PKT" skipped="0">
  <testcase classname="NextHRMReports.NewTest" name="f" time="13.418"/>
</testsuite> <!-- NextHRMReports.NewTest -->
