<?xml version="1.0" encoding="UTF-8"?>
<!-- Generated by org.testng.reporters.JUnitReportReporter -->
<testsuite hostname="NX00441" failures="0" tests="3" name="Skills.eventAddandDeletion" time="42.262" errors="0" timestamp="2020-01-21T17:14:45 PKT" skipped="0">
  <testcase classname="Skills.eventAddandDeletion" name="setEvent" time="6.007"/>
  <testcase classname="Skills.eventAddandDeletion" name="editEvent" time="32.002"/>
  <testcase classname="Skills.eventAddandDeletion" name="deleteEvent" time="4.253"/>
</testsuite> <!-- Skills.eventAddandDeletion -->
