<?xml version="1.0" encoding="UTF-8"?>
<!-- Generated by org.testng.reporters.JUnitReportReporter -->
<testsuite hostname="NX00441" failures="0" tests="1" name="Skills.SkillsSet" time="23.168" errors="0" timestamp="2020-01-01T16:45:47 PKT" skipped="0">
  <testcase classname="Skills.SkillsSet" name="f" time="23.168"/>
</testsuite> <!-- Skills.SkillsSet -->
