<?xml version="1.0" encoding="UTF-8"?>
<!-- Generated by org.testng.reporters.JUnitReportReporter -->
<testsuite hostname="NX00441" failures="0" tests="1" name="Skills.SkillRemove" time="15.239" errors="0" timestamp="2020-01-01T16:46:21 PKT" skipped="0">
  <testcase classname="Skills.SkillRemove" name="f" time="15.239"/>
</testsuite> <!-- Skills.SkillRemove -->
