<?xml version="1.0" encoding="UTF-8"?>
<!-- Generated by org.testng.reporters.JUnitReportReporter -->
<testsuite hostname="NX00441" failures="0" tests="1" name="Skills.Research" time="85.235" errors="0" timestamp="2020-01-21T15:35:13 PKT" skipped="0">
  <testcase classname="Skills.Research" name="tableData" time="85.235"/>
</testsuite> <!-- Skills.Research -->
