<?xml version="1.0" encoding="UTF-8"?>
<!-- Generated by org.testng.reporters.JUnitReportReporter -->
<testsuite hostname="NX00441" failures="0" tests="1" name="MainItems.TestpagueMenos" time="111.083" errors="0" timestamp="2020-02-03T20:56:33 PKT" skipped="0">
  <testcase classname="MainItems.TestpagueMenos" name="Test" time="111.083"/>
</testsuite> <!-- MainItems.TestpagueMenos -->
