<?xml version="1.0" encoding="UTF-8"?>
<!-- Generated by org.testng.reporters.JUnitReportReporter -->
<testsuite hostname="NX00441" failures="0" tests="1" name="MainItems.TestMedia" time="594.788" errors="0" timestamp="2020-01-24T13:06:02 PKT" skipped="0">
  <testcase classname="MainItems.TestMedia" name="Test" time="594.788"/>
</testsuite> <!-- MainItems.TestMedia -->
