<?xml version="1.0" encoding="UTF-8"?>
<!-- Generated by org.testng.reporters.JUnitReportReporter -->
<testsuite hostname="NX00441" failures="0" tests="1" name="MainItems.TestSally" time="831.148" errors="0" timestamp="2020-01-31T14:56:17 PKT" skipped="0">
  <testcase classname="MainItems.TestSally" name="Test" time="831.148"/>
</testsuite> <!-- MainItems.TestSally -->
