<?xml version="1.0" encoding="UTF-8"?>
<!-- Generated by org.testng.reporters.JUnitReportReporter -->
<testsuite hostname="NX00441" failures="0" tests="1" name="MainItems.ReadAndWrite" time="57.363" errors="0" timestamp="2019-12-19T15:43:33 PKT" skipped="0">
  <testcase classname="MainItems.ReadAndWrite" name="Test" time="57.363"/>
</testsuite> <!-- MainItems.ReadAndWrite -->
