<?xml version="1.0" encoding="UTF-8"?>
<!-- Generated by org.testng.reporters.JUnitReportReporter -->
<testsuite hostname="NX00441" failures="0" tests="1" name="MainItems.FamilaNed" time="24.886" errors="0" timestamp="2019-12-11T15:55:19 PKT" skipped="0">
  <testcase classname="MainItems.FamilaNed" name="f" time="24.886"/>
</testsuite> <!-- MainItems.FamilaNed -->
